生成启动时间为 2014/10/8 13:45:19。
     1>项目“F:\github\mixer\mixer\xp\mixer\mixer\mixer.vcxproj”在节点 2 上(Build 个目标)。
     1>ClCompile:
         C:\Program Files (x86)\Microsoft Visual Studio 10.0\VC\bin\CL.exe /c /ZI /nologo /W3 /WX- /Od /Oy- /D WIN32 /D _WINDOWS /D _DEBUG /D _UNICODE /D UNICODE /D _AFXDLL /Gm /EHsc /RTC1 /MDd /GS /fp:precise /Zc:wchar_t /Zc:forScope /Yc"StdAfx.h" /Fp"Debug\mixer.pch" /Fo"Debug\\" /Fd"Debug\vc100.pdb" /Gd /TP /analyze- /errorReport:prompt stdafx.cpp
         stdafx.cpp
         C:\Program Files (x86)\Microsoft Visual Studio 10.0\VC\bin\CL.exe /c /ZI /nologo /W3 /WX- /Od /Oy- /D WIN32 /D _WINDOWS /D _DEBUG /D _UNICODE /D UNICODE /D _AFXDLL /Gm /EHsc /RTC1 /MDd /GS /fp:precise /Zc:wchar_t /Zc:forScope /Yu"StdAfx.h" /Fp"Debug\mixer.pch" /Fo"Debug\\" /Fd"Debug\vc100.pdb" /Gd /TP /analyze- /errorReport:prompt mixer.cpp mixerDlg.cpp
         mixerDlg.cpp
     1>f:\github\mixer\mixer\xp\mixer\mixer\mixerdlg.cpp(83): warning C4018: “<”: 有符号/无符号不匹配
         mixer.cpp
         正在生成代码...
       ResourceCompile:
         C:\Program Files (x86)\Microsoft SDKs\Windows\v7.0A\bin\rc.exe /D _DEBUG /D _UNICODE /D UNICODE /D _AFXDLL /l"0x0804" /IDebug\ /nologo /fo"Debug\mixer.res" mixer.rc 
       ManifestResourceCompile:
         C:\Program Files (x86)\Microsoft SDKs\Windows\v7.0A\bin\rc.exe /nologo /fo"Debug\mixer.exe.embed.manifest.res" Debug\mixer_manifest.rc 
       Link:
         C:\Program Files (x86)\Microsoft Visual Studio 10.0\VC\bin\link.exe /ERRORREPORT:PROMPT /OUT:"F:\github\mixer\mixer\xp\mixer\Debug\mixer.exe" /INCREMENTAL /NOLOGO /MANIFEST /ManifestFile:"Debug\mixer.exe.intermediate.manifest" /MANIFESTUAC:"level='asInvoker' uiAccess='false'" /DEBUG /PDB:"F:\github\mixer\mixer\xp\mixer\Debug\mixer.pdb" /SUBSYSTEM:WINDOWS /TLBID:1 /ENTRY:"wWinMainCRTStartup" /DYNAMICBASE /NXCOMPAT /IMPLIB:"F:\github\mixer\mixer\xp\mixer\Debug\mixer.lib" /MACHINE:X86 Debug\mixer.res
         Debug\mixer.exe.embed.manifest.res
         Debug\mixer.obj
         Debug\mixerDlg.obj
         Debug\stdafx.obj
       Manifest:
         C:\Program Files (x86)\Microsoft SDKs\Windows\v7.0A\bin\mt.exe /nologo /verbose /out:"Debug\mixer.exe.embed.manifest" /manifest Debug\mixer.exe.intermediate.manifest "C:\Program Files (x86)\Microsoft Visual Studio 10.0\VC\Include\Manifest\dpiaware.manifest"
       LinkEmbedManifest:
         mixer.vcxproj -> F:\github\mixer\mixer\xp\mixer\Debug\mixer.exe
     1>已完成生成项目“F:\github\mixer\mixer\xp\mixer\mixer\mixer.vcxproj”(Build 个目标)的操作。

生成成功。

已用时间 00:00:14.33
