E:\github\mixer\mixer\Debug\mixer.exe
E:\github\mixer\mixer\Debug\mixer.ilk
E:\github\mixer\mixer\Debug\mixer.pdb
E:\github\mixer\mixer\mixer\Debug\cl.command.1.tlog
E:\github\mixer\mixer\mixer\Debug\CL.read.1.tlog
E:\github\mixer\mixer\mixer\Debug\CL.write.1.tlog
E:\github\mixer\mixer\mixer\Debug\link.6848.read.1.tlog
E:\github\mixer\mixer\mixer\Debug\link.6848.write.1.tlog
E:\github\mixer\mixer\mixer\Debug\link.6848-cvtres.read.1.tlog
E:\github\mixer\mixer\mixer\Debug\link.6848-cvtres.write.1.tlog
E:\github\mixer\mixer\mixer\Debug\link.6848-mt.read.1.tlog
E:\github\mixer\mixer\mixer\Debug\link.6848-mt.write.1.tlog
E:\github\mixer\mixer\mixer\Debug\link.6848-rc.read.1.tlog
E:\github\mixer\mixer\mixer\Debug\link.6848-rc.write.1.tlog
E:\github\mixer\mixer\mixer\Debug\link.7420.read.1.tlog
E:\github\mixer\mixer\mixer\Debug\link.7420.write.1.tlog
E:\github\mixer\mixer\mixer\Debug\link.7420-cvtres.read.1.tlog
E:\github\mixer\mixer\mixer\Debug\link.7420-cvtres.write.1.tlog
E:\github\mixer\mixer\mixer\Debug\link.7420-mt.read.1.tlog
E:\github\mixer\mixer\mixer\Debug\link.7420-mt.write.1.tlog
E:\github\mixer\mixer\mixer\Debug\link.7420-rc.read.1.tlog
E:\github\mixer\mixer\mixer\Debug\link.7420-rc.write.1.tlog
E:\github\mixer\mixer\mixer\Debug\link.7488.read.1.tlog
E:\github\mixer\mixer\mixer\Debug\link.7488.write.1.tlog
E:\github\mixer\mixer\mixer\Debug\link.command.1.tlog
E:\github\mixer\mixer\mixer\Debug\link.read.1.tlog
E:\github\mixer\mixer\mixer\Debug\link.write.1.tlog
E:\github\mixer\mixer\mixer\Debug\link-cvtres.read.1.tlog
E:\github\mixer\mixer\mixer\Debug\link-cvtres.write.1.tlog
E:\github\mixer\mixer\mixer\Debug\link-mt.read.1.tlog
E:\github\mixer\mixer\mixer\Debug\link-mt.write.1.tlog
E:\github\mixer\mixer\mixer\Debug\link-rc.read.1.tlog
E:\github\mixer\mixer\mixer\Debug\link-rc.write.1.tlog
E:\github\mixer\mixer\mixer\Debug\mixer.obj
E:\github\mixer\mixer\mixer\Debug\mixer.pch
E:\github\mixer\mixer\mixer\Debug\mixer.res
E:\github\mixer\mixer\mixer\Debug\mixerDlg.obj
E:\github\mixer\mixer\mixer\Debug\rc.command.1.tlog
E:\github\mixer\mixer\mixer\Debug\rc.read.1.tlog
E:\github\mixer\mixer\mixer\Debug\rc.write.1.tlog
E:\github\mixer\mixer\mixer\Debug\stdafx.obj
E:\github\mixer\mixer\mixer\Debug\vc110.idb
E:\github\mixer\mixer\mixer\Debug\vc110.pdb
F:\GITHUB\MIXER\MIXER\DEBUG\MIXER.EXE
F:\GITHUB\MIXER\MIXER\DEBUG\MIXER.ILK
F:\GITHUB\MIXER\MIXER\DEBUG\MIXER.PDB
F:\GITHUB\MIXER\MIXER\MIXER\DEBUG\MIXER.OBJ
F:\GITHUB\MIXER\MIXER\MIXER\DEBUG\MIXER.PCH
F:\GITHUB\MIXER\MIXER\MIXER\DEBUG\MIXER.RES
F:\GITHUB\MIXER\MIXER\MIXER\DEBUG\MIXERDLG.OBJ
F:\GITHUB\MIXER\MIXER\MIXER\DEBUG\STDAFX.OBJ
F:\GITHUB\MIXER\MIXER\MIXER\DEBUG\VC110.PDB
