生成启动时间为 2014-10-8 13:37:15。
     1>项目“E:\github\mixer\xp\mixer\mixer\mixer.vcxproj”在节点 2 上(build 个目标)。
     1>InitializeBuildStatus:
         正在创建“Debug\mixer.unsuccessfulbuild”，因为已指定“AlwaysCreate”。
       ClCompile:
         所有输出均为最新。
         C:\Program Files\Microsoft Visual Studio 10.0\VC\bin\CL.exe /c /ZI /nologo /W3 /WX- /Od /Oy- /D WIN32 /D _WINDOWS /D _DEBUG /D _UNICODE /D UNICODE /D _AFXDLL /Gm /EHsc /RTC1 /MDd /GS /fp:precise /Zc:wchar_t /Zc:forScope /Yu"StdAfx.h" /Fp"Debug\mixer.pch" /Fo"Debug\\" /Fd"Debug\vc100.pdb" /Gd /TP /analyze- /errorReport:prompt mixer.cpp mixerDlg.cpp
         mixerDlg.cpp
     1>e:\github\mixer\xp\mixer\mixer\mixerdlg.cpp(83): warning C4018: “<”: 有符号/无符号不匹配
         正在生成代码...
         正在编译...
         mixer.cpp
         正在生成代码...
       ResourceCompile:
         所有输出均为最新。
       ManifestResourceCompile:
         所有输出均为最新。
       Link:
         C:\Program Files\Microsoft Visual Studio 10.0\VC\bin\link.exe /ERRORREPORT:PROMPT /OUT:"E:\github\mixer\xp\mixer\Debug\mixer.exe" /INCREMENTAL /NOLOGO /MANIFEST /ManifestFile:"Debug\mixer.exe.intermediate.manifest" /MANIFESTUAC:"level='asInvoker' uiAccess='false'" /DEBUG /PDB:"E:\github\mixer\xp\mixer\Debug\mixer.pdb" /SUBSYSTEM:WINDOWS /TLBID:1 /ENTRY:"wWinMainCRTStartup" /DYNAMICBASE /NXCOMPAT /IMPLIB:"E:\github\mixer\xp\mixer\Debug\mixer.lib" /MACHINE:X86 Debug\mixer.res
         Debug\mixer.exe.embed.manifest.res
         Debug\mixer.obj
         Debug\mixerDlg.obj
         Debug\stdafx.obj
       Manifest:
         C:\Program Files\Microsoft SDKs\Windows\v7.0A\bin\mt.exe /nologo /verbose /out:"Debug\mixer.exe.embed.manifest" /manifest Debug\mixer.exe.intermediate.manifest "C:\Program Files\Microsoft Visual Studio 10.0\VC\Include\Manifest\dpiaware.manifest"
         所有输出均为最新。
       LinkEmbedManifest:
         所有输出均为最新。
         mixer.vcxproj -> E:\github\mixer\xp\mixer\Debug\mixer.exe
       FinalizeBuildStatus:
         正在删除文件“Debug\mixer.unsuccessfulbuild”。
         正在对“Debug\mixer.lastbuildstate”执行 Touch 任务。
     1>已完成生成项目“E:\github\mixer\xp\mixer\mixer\mixer.vcxproj”(build 个目标)的操作。

生成成功。

已用时间 00:00:00.67
